<?xml version="1.0" encoding="UTF-8"?>
<testng-results skipped="0" failed="0" total="1" passed="1">
  <reporter-output>
  </reporter-output>
  <suite name="test.com.TruckTest" duration-ms="48" started-at="2020-02-14T00:23:44Z" finished-at="2020-02-14T00:23:44Z">
    <groups>
    </groups>
    <test name="Command line test" duration-ms="48" started-at="2020-02-14T00:23:44Z" finished-at="2020-02-14T00:23:44Z">
      <class name="test.com.TruckTest">
        <test-method status="PASS" signature="setUpClass()[pri:0, instance:test.com.TruckTest@ea4a92b]" name="setUpClass" is-config="true" duration-ms="17" started-at="2020-02-13T18:23:44Z" finished-at="2020-02-13T18:23:44Z">
          <reporter-output>
          </reporter-output>
        </test-method> <!-- setUpClass -->
        <test-method status="PASS" signature="setUpMethod()[pri:0, instance:test.com.TruckTest@ea4a92b]" name="setUpMethod" is-config="true" duration-ms="3" started-at="2020-02-13T18:23:44Z" finished-at="2020-02-13T18:23:44Z">
          <reporter-output>
          </reporter-output>
        </test-method> <!-- setUpMethod -->
        <test-method status="PASS" signature="testTruck()[pri:0, instance:test.com.TruckTest@ea4a92b]" name="testTruck" duration-ms="5" started-at="2020-02-13T18:23:44Z" finished-at="2020-02-13T18:23:44Z">
          <reporter-output>
          </reporter-output>
        </test-method> <!-- testTruck -->
        <test-method status="PASS" signature="tearDownMethod()[pri:0, instance:test.com.TruckTest@ea4a92b]" name="tearDownMethod" is-config="true" duration-ms="1" started-at="2020-02-13T18:23:44Z" finished-at="2020-02-13T18:23:44Z">
          <reporter-output>
          </reporter-output>
        </test-method> <!-- tearDownMethod -->
        <test-method status="PASS" signature="tearDownClass()[pri:0, instance:test.com.TruckTest@ea4a92b]" name="tearDownClass" is-config="true" duration-ms="5" started-at="2020-02-13T18:23:44Z" finished-at="2020-02-13T18:23:44Z">
          <reporter-output>
          </reporter-output>
        </test-method> <!-- tearDownClass -->
      </class> <!-- test.com.TruckTest -->
    </test> <!-- Command line test -->
  </suite> <!-- test.com.TruckTest -->
</testng-results>
